mode: set
backend/internal/delivery/http/handlers/auth/auth_handler.go:19.96,24.2 1 0
backend/internal/delivery/http/handlers/auth/auth_handler.go:49.48,52.47 2 0
backend/internal/delivery/http/handlers/auth/auth_handler.go:52.47,55.3 2 0
backend/internal/delivery/http/handlers/auth/auth_handler.go:58.2,59.16 2 0
backend/internal/delivery/http/handlers/auth/auth_handler.go:59.16,62.3 2 0
backend/internal/delivery/http/handlers/auth/auth_handler.go:65.2,66.16 2 0
backend/internal/delivery/http/handlers/auth/auth_handler.go:66.16,69.3 2 0
backend/internal/delivery/http/handlers/auth/auth_handler.go:71.2,82.38 2 0
backend/internal/delivery/http/handlers/auth/auth_handler.go:99.45,102.47 2 0
backend/internal/delivery/http/handlers/auth/auth_handler.go:102.47,105.3 2 0
backend/internal/delivery/http/handlers/auth/auth_handler.go:107.2,108.16 2 0
backend/internal/delivery/http/handlers/auth/auth_handler.go:108.16,111.3 2 0
backend/internal/delivery/http/handlers/auth/auth_handler.go:113.2,124.33 2 0
backend/internal/delivery/http/handlers/auth/auth_handler.go:139.47,142.47 2 0
backend/internal/delivery/http/handlers/auth/auth_handler.go:142.47,145.3 2 0
backend/internal/delivery/http/handlers/auth/auth_handler.go:147.2,148.16 2 0
backend/internal/delivery/http/handlers/auth/auth_handler.go:148.16,151.3 2 0
backend/internal/delivery/http/handlers/auth/auth_handler.go:153.2,158.33 2 0
backend/internal/delivery/http/handlers/auth/auth_handler.go:162.89,164.2 1 0
backend/cmd/api/main.go:27.13,36.16 5 0
backend/cmd/api/main.go:36.16,38.3 1 0
backend/cmd/api/main.go:41.2,41.42 1 0
backend/cmd/api/main.go:41.42,43.3 1 0
backend/cmd/api/main.go:46.2,56.49 5 0
backend/cmd/api/main.go:56.49,58.3 1 0
backend/cmd/api/main.go:62.26,70.2 1 0
backend/cmd/api/main.go:73.49,75.2 1 0
backend/cmd/api/main.go:78.39,85.2 1 0
backend/cmd/api/main.go:88.75,92.2 1 0
backend/cmd/api/main.go:95.33,100.41 2 0
backend/cmd/api/main.go:100.41,105.3 1 0
backend/cmd/api/main.go:108.2,109.2 2 0
backend/cmd/api/main.go:109.2,110.38 1 0
backend/cmd/api/main.go:110.38,112.4 1 0
backend/cmd/api/main.go:115.2,116.2 2 0
backend/cmd/api/main.go:116.2,117.39 1 0
backend/cmd/api/main.go:117.39,119.4 1 0
backend/cmd/api/main.go:122.2,123.2 2 0
backend/cmd/api/main.go:123.2,124.42 1 0
backend/cmd/api/main.go:124.42,126.4 1 0
backend/cmd/api/main.go:129.2,130.2 2 0
backend/cmd/api/main.go:130.2,131.42 1 0
backend/cmd/api/main.go:131.42,133.4 1 0
backend/cmd/api/main.go:136.2,137.2 2 0
backend/cmd/api/main.go:137.2,138.42 1 0
backend/cmd/api/main.go:138.42,140.4 1 0
backend/internal/delivery/http/handlers/keywords/keywords_handler.go:23.75,28.2 1 0
backend/internal/delivery/http/handlers/keywords/keywords_handler.go:31.49,34.2 3 0
backend/internal/delivery/http/handlers/keywords/keywords_handler.go:34.2,43.3 8 0
backend/internal/delivery/http/handlers/keywords/keywords_handler.go:47.39,48.30 1 0
backend/internal/delivery/http/handlers/keywords/keywords_handler.go:48.30,51.3 1 0
backend/internal/delivery/http/handlers/keywords/keywords_handler.go:55.48,60.16 4 0
backend/internal/delivery/http/handlers/keywords/keywords_handler.go:60.16,64.3 3 0
backend/internal/delivery/http/handlers/keywords/keywords_handler.go:66.2,66.29 1 0
backend/internal/delivery/http/handlers/keywords/keywords_handler.go:70.46,73.16 3 0
backend/internal/delivery/http/handlers/keywords/keywords_handler.go:73.16,76.3 2 0
backend/internal/delivery/http/handlers/keywords/keywords_handler.go:78.2,79.16 2 0
backend/internal/delivery/http/handlers/keywords/keywords_handler.go:79.16,83.3 3 0
backend/internal/delivery/http/handlers/keywords/keywords_handler.go:85.2,85.26 1 0
backend/internal/delivery/http/handlers/keywords/keywords_handler.go:89.49,95.47 2 0
backend/internal/delivery/http/handlers/keywords/keywords_handler.go:95.47,98.3 2 0
backend/internal/delivery/http/handlers/keywords/keywords_handler.go:100.2,101.16 2 0
backend/internal/delivery/http/handlers/keywords/keywords_handler.go:101.16,103.159 2 0
backend/internal/delivery/http/handlers/keywords/keywords_handler.go:103.159,106.4 2 0
backend/internal/delivery/http/handlers/keywords/keywords_handler.go:107.3,107.98 1 0
backend/internal/delivery/http/handlers/keywords/keywords_handler.go:107.98,110.4 2 0
backend/internal/delivery/http/handlers/keywords/keywords_handler.go:111.3,112.9 2 0
backend/internal/delivery/http/handlers/keywords/keywords_handler.go:115.2,115.31 1 0
backend/internal/delivery/http/handlers/keywords/keywords_handler.go:119.49,122.16 3 0
backend/internal/delivery/http/handlers/keywords/keywords_handler.go:122.16,125.3 2 0
backend/internal/delivery/http/handlers/keywords/keywords_handler.go:127.2,132.47 2 0
backend/internal/delivery/http/handlers/keywords/keywords_handler.go:132.47,135.3 2 0
backend/internal/delivery/http/handlers/keywords/keywords_handler.go:137.2,138.16 2 0
backend/internal/delivery/http/handlers/keywords/keywords_handler.go:138.16,142.3 3 0
backend/internal/delivery/http/handlers/keywords/keywords_handler.go:144.2,144.26 1 0
backend/internal/delivery/http/handlers/keywords/keywords_handler.go:148.49,151.16 3 0
backend/internal/delivery/http/handlers/keywords/keywords_handler.go:151.16,154.3 2 0
backend/internal/delivery/http/handlers/keywords/keywords_handler.go:156.2,156.73 1 0
backend/internal/delivery/http/handlers/keywords/keywords_handler.go:156.73,160.3 3 0
backend/internal/delivery/http/handlers/keywords/keywords_handler.go:162.2,162.35 1 0
backend/internal/delivery/http/handlers/keywords/keywords_handler.go:166.51,169.16 3 0
backend/internal/delivery/http/handlers/keywords/keywords_handler.go:169.16,172.3 2 0
backend/internal/delivery/http/handlers/keywords/keywords_handler.go:174.2,174.75 1 0
backend/internal/delivery/http/handlers/keywords/keywords_handler.go:174.75,178.3 3 0
backend/internal/delivery/http/handlers/keywords/keywords_handler.go:180.2,180.78 1 0
backend/internal/delivery/http/handlers/keywords/keywords_handler.go:184.53,187.16 3 0
backend/internal/delivery/http/handlers/keywords/keywords_handler.go:187.16,190.3 2 0
backend/internal/delivery/http/handlers/keywords/keywords_handler.go:192.2,192.77 1 0
backend/internal/delivery/http/handlers/keywords/keywords_handler.go:192.77,196.3 3 0
backend/internal/delivery/http/handlers/keywords/keywords_handler.go:198.2,198.82 1 0
backend/internal/delivery/http/handlers/keywords/keywords_handler.go:202.44,204.16 2 0
backend/internal/delivery/http/handlers/keywords/keywords_handler.go:204.16,208.3 3 0
backend/internal/delivery/http/handlers/keywords/keywords_handler.go:210.2,210.30 1 0
backend/internal/delivery/http/handlers/tasks/tasks_handler.go:19.67,21.2 1 0
backend/internal/delivery/http/handlers/tasks/tasks_handler.go:24.52,26.47 2 0
backend/internal/delivery/http/handlers/tasks/tasks_handler.go:26.47,30.3 3 0
backend/internal/delivery/http/handlers/tasks/tasks_handler.go:32.2,33.16 2 0
backend/internal/delivery/http/handlers/tasks/tasks_handler.go:33.16,37.3 3 0
backend/internal/delivery/http/handlers/tasks/tasks_handler.go:39.2,39.50 1 0
backend/internal/delivery/http/handlers/tasks/tasks_handler.go:43.54,46.16 3 0
backend/internal/delivery/http/handlers/tasks/tasks_handler.go:46.16,48.59 2 0
backend/internal/delivery/http/handlers/tasks/tasks_handler.go:48.59,50.4 1 0
backend/internal/delivery/http/handlers/tasks/tasks_handler.go:50.9,52.4 1 0
backend/internal/delivery/http/handlers/tasks/tasks_handler.go:53.3,53.9 1 0
backend/internal/delivery/http/handlers/tasks/tasks_handler.go:56.2,56.29 1 0
backend/internal/delivery/http/handlers/tasks/tasks_handler.go:60.51,63.16 3 0
backend/internal/delivery/http/handlers/tasks/tasks_handler.go:63.16,65.59 2 0
backend/internal/delivery/http/handlers/tasks/tasks_handler.go:65.59,67.4 1 0
backend/internal/delivery/http/handlers/tasks/tasks_handler.go:67.9,69.4 1 0
backend/internal/delivery/http/handlers/tasks/tasks_handler.go:70.3,70.9 1 0
backend/internal/delivery/http/handlers/tasks/tasks_handler.go:73.2,73.74 1 0
backend/internal/delivery/http/handlers/tasks/tasks_handler.go:77.50,79.48 2 0
backend/internal/delivery/http/handlers/tasks/tasks_handler.go:79.48,83.3 3 0
backend/internal/delivery/http/handlers/tasks/tasks_handler.go:85.2,86.16 2 0
backend/internal/delivery/http/handlers/tasks/tasks_handler.go:86.16,90.3 3 0
backend/internal/delivery/http/handlers/tasks/tasks_handler.go:92.2,92.29 1 0
backend/internal/delivery/http/handlers/tasks/tasks_handler.go:96.49,98.16 2 0
backend/internal/delivery/http/handlers/tasks/tasks_handler.go:98.16,102.3 3 0
backend/internal/delivery/http/handlers/tasks/tasks_handler.go:104.2,104.30 1 0
backend/internal/delivery/http/middleware/jwt.go:20.48,21.30 1 0
backend/internal/delivery/http/middleware/jwt.go:21.30,23.23 2 0
backend/internal/delivery/http/middleware/jwt.go:23.23,27.4 3 0
backend/internal/delivery/http/middleware/jwt.go:29.3,30.46 2 0
backend/internal/delivery/http/middleware/jwt.go:30.46,34.4 3 0
backend/internal/delivery/http/middleware/jwt.go:36.3,36.81 1 0
backend/internal/delivery/http/middleware/jwt.go:36.81,38.4 1 0
backend/internal/delivery/http/middleware/jwt.go:39.3,39.33 1 0
backend/internal/delivery/http/middleware/jwt.go:39.33,43.4 3 0
backend/internal/delivery/http/middleware/jwt.go:45.3,46.10 2 0
backend/internal/delivery/http/middleware/jwt.go:46.10,50.4 3 0
backend/internal/delivery/http/middleware/jwt.go:52.3,53.10 2 0
backend/internal/delivery/http/middleware/jwt.go:53.10,57.4 3 0
backend/internal/delivery/http/middleware/jwt.go:59.3,60.17 2 0
backend/internal/delivery/http/middleware/jwt.go:60.17,64.4 3 0
backend/internal/delivery/http/middleware/jwt.go:66.3,70.11 4 0
backend/internal/delivery/http/middleware/jwt.go:75.52,76.30 1 0
backend/internal/delivery/http/middleware/jwt.go:76.30,78.47 2 0
backend/internal/delivery/http/middleware/jwt.go:78.47,82.4 3 0
backend/internal/delivery/http/middleware/jwt.go:83.3,83.11 1 0
backend/internal/delivery/http/middleware/jwt.go:88.34,90.2 1 0
backend/internal/delivery/http/handlers/users/users_handler.go:19.65,21.2 1 0
backend/internal/delivery/http/handlers/users/users_handler.go:24.47,27.16 3 0
backend/internal/delivery/http/handlers/users/users_handler.go:27.16,30.3 2 0
backend/internal/delivery/http/handlers/users/users_handler.go:32.2,33.16 2 0
backend/internal/delivery/http/handlers/users/users_handler.go:33.16,36.3 2 0
backend/internal/delivery/http/handlers/users/users_handler.go:38.2,38.29 1 0
backend/internal/delivery/http/handlers/users/users_handler.go:42.50,45.16 3 0
backend/internal/delivery/http/handlers/users/users_handler.go:45.16,48.3 2 0
backend/internal/delivery/http/handlers/users/users_handler.go:50.2,55.47 2 0
backend/internal/delivery/http/handlers/users/users_handler.go:55.47,58.3 2 0
backend/internal/delivery/http/handlers/users/users_handler.go:60.2,61.16 2 0
backend/internal/delivery/http/handlers/users/users_handler.go:61.16,64.3 2 0
backend/internal/delivery/http/handlers/users/users_handler.go:66.2,66.29 1 0
backend/internal/delivery/http/handlers/users/users_handler.go:70.50,73.16 3 0
backend/internal/delivery/http/handlers/users/users_handler.go:73.16,76.3 2 0
backend/internal/delivery/http/handlers/users/users_handler.go:78.2,78.53 1 0
backend/internal/delivery/http/handlers/users/users_handler.go:78.53,81.3 2 0
backend/internal/delivery/http/handlers/users/users_handler.go:83.2,83.35 1 0
backend/internal/delivery/http/handlers/users/users_handler.go:87.49,91.2 1 0
backend/internal/domain/keywords/keyword.go:22.68,24.16 2 0
backend/internal/domain/keywords/keyword.go:24.16,26.3 1 0
backend/internal/domain/keywords/keyword.go:28.2,32.8 1 0
backend/internal/domain/keywords/keyword.go:37.30,41.2 2 0
backend/internal/domain/keywords/keyword.go:44.32,48.2 2 0
backend/internal/domain/keywords/keyword.go:51.35,53.2 1 0
backend/internal/domain/keywords/service.go:13.42,15.2 1 0
backend/internal/domain/keywords/service.go:19.66,21.16 2 0
backend/internal/domain/keywords/service.go:21.16,23.3 1 0
backend/internal/domain/keywords/service.go:24.2,24.19 1 0
backend/internal/domain/keywords/service.go:24.19,26.3 1 0
backend/internal/domain/keywords/service.go:28.2,28.12 1 0
backend/internal/domain/keywords/service.go:33.61,34.14 1 0
backend/internal/domain/keywords/service.go:34.14,36.3 1 0
backend/internal/domain/keywords/service.go:37.2,38.12 2 0
backend/internal/domain/keywords/service.go:42.63,43.14 1 0
backend/internal/domain/keywords/service.go:43.14,45.3 1 0
backend/internal/domain/keywords/service.go:46.2,47.12 2 0
backend/internal/domain/keywords/value_objects.go:15.43,16.21 1 0
backend/internal/domain/keywords/value_objects.go:16.21,18.3 1 0
backend/internal/domain/keywords/value_objects.go:19.2,19.22 1 0
backend/internal/domain/keywords/value_objects.go:19.22,21.3 1 0
backend/internal/domain/keywords/value_objects.go:22.2,22.33 1 0
backend/internal/domain/keywords/value_objects.go:26.31,28.2 1 0
backend/internal/domain/keywords/value_objects.go:34.48,36.2 1 0
backend/internal/domain/keywords/value_objects.go:39.40,41.2 1 0
backend/internal/repository/postgres/comment_repository.go:44.58,46.2 1 0
backend/internal/repository/postgres/comment_repository.go:49.116,52.27 2 0
backend/internal/repository/postgres/comment_repository.go:52.27,54.3 1 0
backend/internal/repository/postgres/comment_repository.go:55.2,55.29 1 0
backend/internal/repository/postgres/comment_repository.go:55.29,57.3 1 0
backend/internal/repository/postgres/comment_repository.go:58.2,58.26 1 0
backend/internal/repository/postgres/comment_repository.go:58.26,61.3 2 0
backend/internal/repository/postgres/comment_repository.go:64.2,64.23 1 0
backend/internal/repository/postgres/comment_repository.go:64.23,66.3 1 0
backend/internal/repository/postgres/comment_repository.go:67.2,67.24 1 0
backend/internal/repository/postgres/comment_repository.go:67.24,69.3 1 0
backend/internal/repository/postgres/comment_repository.go:71.2,71.14 1 0
backend/internal/repository/postgres/comment_repository.go:75.70,76.16 1 0
backend/internal/repository/postgres/comment_repository.go:76.16,78.3 1 0
backend/internal/repository/postgres/comment_repository.go:79.2,79.44 1 0
backend/internal/repository/postgres/comment_repository.go:79.44,81.3 1 0
backend/internal/repository/postgres/comment_repository.go:82.2,82.12 1 0
backend/internal/repository/postgres/comment_repository.go:87.98,88.20 1 0
backend/internal/repository/postgres/comment_repository.go:88.20,90.3 1 0
backend/internal/repository/postgres/comment_repository.go:91.2,91.71 1 0
backend/internal/repository/postgres/comment_repository.go:96.107,97.20 1 0
backend/internal/repository/postgres/comment_repository.go:97.20,99.3 1 0
backend/internal/repository/postgres/comment_repository.go:101.2,103.16 3 0
backend/internal/repository/postgres/comment_repository.go:103.16,105.3 1 0
backend/internal/repository/postgres/comment_repository.go:106.2,106.22 1 0
backend/internal/repository/postgres/comment_repository.go:111.98,112.46 1 0
backend/internal/repository/postgres/comment_repository.go:112.46,114.3 1 0
backend/internal/repository/postgres/comment_repository.go:116.2,117.25 2 0
backend/internal/repository/postgres/comment_repository.go:117.25,119.3 1 0
backend/internal/repository/postgres/comment_repository.go:120.2,120.30 1 0
backend/internal/repository/postgres/comment_repository.go:120.30,122.3 1 0
backend/internal/repository/postgres/comment_repository.go:123.2,123.12 1 0
backend/internal/repository/postgres/comment_repository.go:128.85,129.20 1 0
backend/internal/repository/postgres/comment_repository.go:129.20,131.3 1 0
backend/internal/repository/postgres/comment_repository.go:133.2,134.25 2 0
backend/internal/repository/postgres/comment_repository.go:134.25,136.3 1 0
backend/internal/repository/postgres/comment_repository.go:137.2,137.30 1 0
backend/internal/repository/postgres/comment_repository.go:137.30,139.3 1 0
backend/internal/repository/postgres/comment_repository.go:140.2,140.12 1 0
backend/internal/repository/postgres/comment_repository.go:145.124,150.16 4 0
backend/internal/repository/postgres/comment_repository.go:150.16,152.3 1 0
backend/internal/repository/postgres/comment_repository.go:153.2,153.26 1 0
backend/internal/repository/postgres/comment_repository.go:158.84,162.2 3 0
backend/internal/repository/postgres/comment_repository.go:165.103,166.24 1 0
backend/internal/repository/postgres/comment_repository.go:166.24,168.3 1 0
backend/internal/repository/postgres/comment_repository.go:170.2,173.38 4 0
backend/internal/repository/postgres/comment_repository.go:178.87,182.2 3 0
backend/internal/repository/postgres/keyword_repository.go:33.58,35.2 1 0
backend/internal/repository/postgres/keyword_repository.go:45.84,46.62 1 0
backend/internal/repository/postgres/keyword_repository.go:46.62,49.3 2 0
backend/internal/repository/postgres/keyword_repository.go:50.2,50.12 1 0
backend/internal/repository/postgres/keyword_repository.go:54.99,56.76 2 0
backend/internal/repository/postgres/keyword_repository.go:56.76,57.45 1 0
backend/internal/repository/postgres/keyword_repository.go:57.45,59.4 1 0
backend/internal/repository/postgres/keyword_repository.go:60.3,61.18 2 0
backend/internal/repository/postgres/keyword_repository.go:63.2,63.16 1 0
backend/internal/repository/postgres/keyword_repository.go:67.84,68.60 1 0
backend/internal/repository/postgres/keyword_repository.go:68.60,71.3 2 0
backend/internal/repository/postgres/keyword_repository.go:72.2,72.12 1 0
backend/internal/repository/postgres/keyword_repository.go:76.77,77.94 1 0
backend/internal/repository/postgres/keyword_repository.go:77.94,80.3 2 0
backend/internal/repository/postgres/keyword_repository.go:81.2,81.12 1 0
backend/internal/repository/postgres/keyword_repository.go:85.101,88.16 3 0
backend/internal/repository/postgres/keyword_repository.go:88.16,90.3 1 0
backend/internal/repository/postgres/keyword_repository.go:91.2,91.56 1 0
backend/internal/repository/postgres/keyword_repository.go:91.56,94.3 2 0
backend/internal/repository/postgres/keyword_repository.go:95.2,95.26 1 0
backend/internal/repository/postgres/keyword_repository.go:100.82,102.93 2 0
backend/internal/repository/postgres/keyword_repository.go:102.93,105.3 2 0
backend/internal/repository/postgres/keyword_repository.go:106.2,106.120 1 0
backend/internal/repository/postgres/keyword_repository.go:106.120,109.3 2 0
backend/internal/repository/postgres/keyword_repository.go:111.2,112.81 2 0
backend/internal/repository/postgres/morphological_repository.go:26.71,28.2 1 0
backend/internal/repository/postgres/morphological_repository.go:31.107,34.16 2 0
backend/internal/repository/postgres/morphological_repository.go:34.16,36.3 1 0
backend/internal/repository/postgres/morphological_repository.go:38.2,43.55 2 0
backend/internal/repository/postgres/morphological_repository.go:43.55,45.3 1 0
backend/internal/repository/postgres/morphological_repository.go:47.2,47.12 1 0
backend/internal/repository/postgres/setting_repository.go:28.75,30.2 1 0
backend/internal/repository/postgres/setting_repository.go:33.98,34.68 1 0
backend/internal/repository/postgres/setting_repository.go:34.68,37.3 2 0
backend/internal/repository/postgres/setting_repository.go:38.2,38.12 1 0
backend/internal/repository/postgres/setting_repository.go:42.106,44.90 2 0
backend/internal/repository/postgres/setting_repository.go:44.90,45.36 1 0
backend/internal/repository/postgres/setting_repository.go:45.36,47.4 1 0
backend/internal/repository/postgres/setting_repository.go:48.3,49.18 2 0
backend/internal/repository/postgres/setting_repository.go:51.2,51.22 1 0
backend/internal/repository/postgres/setting_repository.go:55.98,56.66 1 0
backend/internal/repository/postgres/setting_repository.go:56.66,59.3 2 0
backend/internal/repository/postgres/setting_repository.go:60.2,60.12 1 0
backend/internal/repository/postgres/setting_repository.go:64.92,66.68 2 0
backend/internal/repository/postgres/setting_repository.go:66.68,69.3 2 0
backend/internal/repository/postgres/setting_repository.go:70.2,70.22 1 0
backend/internal/repository/postgres/setting_repository.go:74.83,75.102 1 0
backend/internal/repository/postgres/setting_repository.go:75.102,78.3 2 0
backend/internal/repository/postgres/setting_repository.go:79.2,79.12 1 0
backend/internal/repository/postgres/user_repository.go:27.52,29.2 1 0
backend/internal/repository/postgres/user_repository.go:32.61,34.2 1 0
backend/internal/repository/postgres/user_repository.go:37.73,40.16 3 0
backend/internal/repository/postgres/user_repository.go:40.16,42.3 1 0
backend/internal/repository/postgres/user_repository.go:43.2,43.19 1 0
backend/internal/repository/postgres/user_repository.go:47.76,50.16 3 0
backend/internal/repository/postgres/user_repository.go:50.16,52.3 1 0
backend/internal/repository/postgres/user_repository.go:53.2,53.19 1 0
backend/internal/repository/postgres/user_repository.go:57.82,60.16 3 0
backend/internal/repository/postgres/user_repository.go:60.16,62.3 1 0
backend/internal/repository/postgres/user_repository.go:63.2,63.19 1 0
backend/internal/repository/postgres/user_repository.go:67.61,69.2 1 0
backend/internal/repository/postgres/user_repository.go:72.57,74.2 1 0
backend/internal/usecase/keywords/keywords_usecase.go:36.115,42.2 1 1
backend/internal/usecase/keywords/keywords_usecase.go:45.115,49.61 2 1
backend/internal/usecase/keywords/keywords_usecase.go:49.61,52.3 2 1
backend/internal/usecase/keywords/keywords_usecase.go:54.2,55.16 2 1
backend/internal/usecase/keywords/keywords_usecase.go:55.16,58.3 2 0
backend/internal/usecase/keywords/keywords_usecase.go:60.2,60.47 1 1
backend/internal/usecase/keywords/keywords_usecase.go:60.47,63.3 2 0
backend/internal/usecase/keywords/keywords_usecase.go:65.2,66.15 2 1
backend/internal/usecase/keywords/keywords_usecase.go:70.100,72.2 1 1
backend/internal/usecase/keywords/keywords_usecase.go:75.129,77.16 2 1
backend/internal/usecase/keywords/keywords_usecase.go:77.16,79.3 1 1
backend/internal/usecase/keywords/keywords_usecase.go:81.2,84.46 3 1
backend/internal/usecase/keywords/keywords_usecase.go:88.82,90.2 1 1
backend/internal/usecase/keywords/keywords_usecase.go:93.84,95.16 2 1
backend/internal/usecase/keywords/keywords_usecase.go:95.16,97.3 1 1
backend/internal/usecase/keywords/keywords_usecase.go:99.2,100.37 2 1
backend/internal/usecase/keywords/keywords_usecase.go:104.86,106.16 2 1
backend/internal/usecase/keywords/keywords_usecase.go:106.16,108.3 1 0
backend/internal/usecase/keywords/keywords_usecase.go:110.2,111.37 2 1
backend/internal/usecase/keywords/keywords_usecase.go:115.107,117.2 1 1
backend/internal/usecase/keywords/keywords_usecase.go:120.96,122.2 1 1
backend/internal/usecase/morphological/morphological_service.go:19.47,21.2 1 0
backend/internal/usecase/morphological/morphological_service.go:24.104,25.16 1 0
backend/internal/usecase/morphological/morphological_service.go:25.16,27.3 1 0
backend/internal/usecase/morphological/morphological_service.go:30.2,33.29 3 0
backend/internal/usecase/morphological/morphological_service.go:33.29,35.22 2 0
backend/internal/usecase/morphological/morphological_service.go:35.22,37.4 1 0
backend/internal/usecase/morphological/morphological_service.go:40.2,40.26 1 0
backend/internal/usecase/morphological/morphological_service.go:40.26,42.3 1 0
backend/internal/usecase/morphological/morphological_service.go:45.2,47.34 3 0
backend/internal/usecase/morphological/morphological_service.go:47.34,49.3 1 0
backend/internal/usecase/morphological/morphological_service.go:51.2,55.8 1 0
backend/internal/usecase/morphological/morphological_usecase.go:41.131,47.2 1 0
backend/internal/usecase/morphological/morphological_usecase.go:50.116,52.50 1 0
backend/internal/usecase/morphological/morphological_usecase.go:52.50,55.3 2 0
backend/internal/usecase/morphological/morphological_usecase.go:58.2,59.16 2 0
backend/internal/usecase/morphological/morphological_usecase.go:59.16,62.3 2 0
backend/internal/usecase/morphological/morphological_usecase.go:65.2,65.19 1 0
backend/internal/usecase/morphological/morphological_usecase.go:65.19,68.3 2 0
backend/internal/usecase/morphological/morphological_usecase.go:71.2,71.20 1 0
backend/internal/usecase/morphological/morphological_usecase.go:71.20,73.70 2 0
backend/internal/usecase/morphological/morphological_usecase.go:73.70,76.4 1 0
backend/internal/usecase/morphological/morphological_usecase.go:76.9,78.4 1 0
backend/internal/usecase/morphological/morphological_usecase.go:81.2,82.20 2 0
backend/internal/usecase/morphological/morphological_usecase.go:86.65,88.16 1 0
backend/internal/usecase/morphological/morphological_usecase.go:88.16,90.3 1 0
backend/internal/usecase/morphological/morphological_usecase.go:93.2,94.54 2 0
backend/internal/usecase/morphological/morphological_usecase.go:94.54,96.3 1 0
backend/internal/usecase/morphological/morphological_usecase.go:99.2,100.25 2 0
backend/internal/usecase/morphological/morphological_usecase.go:100.25,101.97 1 0
backend/internal/usecase/morphological/morphological_usecase.go:101.97,103.4 1 0
backend/internal/usecase/morphological/morphological_usecase.go:106.2,106.27 1 0
backend/internal/usecase/morphological/morphological_usecase.go:106.27,109.3 2 0
backend/internal/usecase/morphological/morphological_usecase.go:111.2,111.12 1 0
backend/internal/usecase/morphological/morphological_usecase.go:115.62,119.26 2 0
backend/internal/usecase/morphological/morphological_usecase.go:119.26,121.3 1 0
backend/internal/usecase/morphological/morphological_usecase.go:122.2,122.46 1 0
backend/internal/usecase/morphological/morphological_usecase.go:126.65,128.2 1 0
backend/internal/usecase/morphological/morphological_usecase.go:131.65,133.2 1 0
backend/internal/usecase/morphological/morphological_usecase.go:136.24,137.11 1 0
backend/internal/usecase/morphological/morphological_usecase.go:137.11,139.3 1 0
backend/internal/usecase/morphological/morphological_usecase.go:140.2,140.10 1 0
backend/internal/usecase/tasks/tasks_usecase.go:28.57,30.2 1 0
backend/internal/usecase/tasks/tasks_usecase.go:33.100,36.37 2 0
backend/internal/usecase/tasks/tasks_usecase.go:36.37,39.3 2 0
backend/internal/usecase/tasks/tasks_usecase.go:42.2,42.27 1 0
backend/internal/usecase/tasks/tasks_usecase.go:42.27,44.3 1 0
backend/internal/usecase/tasks/tasks_usecase.go:46.2,47.16 2 0
backend/internal/usecase/tasks/tasks_usecase.go:47.16,50.3 2 0
backend/internal/usecase/tasks/tasks_usecase.go:52.2,53.16 2 0
backend/internal/usecase/tasks/tasks_usecase.go:57.99,58.14 1 0
backend/internal/usecase/tasks/tasks_usecase.go:58.14,60.3 1 0
backend/internal/usecase/tasks/tasks_usecase.go:62.2,63.16 2 0
backend/internal/usecase/tasks/tasks_usecase.go:63.16,65.59 2 0
backend/internal/usecase/tasks/tasks_usecase.go:65.59,67.4 1 0
backend/internal/usecase/tasks/tasks_usecase.go:68.3,68.18 1 0
backend/internal/usecase/tasks/tasks_usecase.go:71.2,71.18 1 0
backend/internal/usecase/tasks/tasks_usecase.go:75.73,76.14 1 0
backend/internal/usecase/tasks/tasks_usecase.go:76.14,78.3 1 0
backend/internal/usecase/tasks/tasks_usecase.go:80.2,81.16 2 0
backend/internal/usecase/tasks/tasks_usecase.go:81.16,84.3 2 0
backend/internal/usecase/tasks/tasks_usecase.go:86.2,87.12 2 0
backend/internal/usecase/tasks/tasks_usecase.go:91.108,92.20 1 0
backend/internal/usecase/tasks/tasks_usecase.go:92.20,94.3 1 0
backend/internal/usecase/tasks/tasks_usecase.go:95.2,95.19 1 0
backend/internal/usecase/tasks/tasks_usecase.go:95.19,97.3 1 0
backend/internal/usecase/tasks/tasks_usecase.go:99.2,100.16 2 0
backend/internal/usecase/tasks/tasks_usecase.go:100.16,103.3 2 0
backend/internal/usecase/tasks/tasks_usecase.go:105.2,110.18 2 0
backend/internal/usecase/tasks/tasks_usecase.go:114.84,116.16 2 0
backend/internal/usecase/tasks/tasks_usecase.go:116.16,119.3 2 0
backend/internal/usecase/tasks/tasks_usecase.go:121.2,122.19 2 0
backend/internal/usecase/tasks/tasks_usecase.go:126.49,127.26 1 0
backend/internal/usecase/tasks/tasks_usecase.go:127.26,128.16 1 0
backend/internal/usecase/tasks/tasks_usecase.go:128.16,130.4 1 0
backend/internal/usecase/tasks/tasks_usecase.go:132.2,132.14 1 0
backend/pkg/database/postgres.go:12.40,14.15 2 0
backend/pkg/database/postgres.go:14.15,16.3 1 0
backend/pkg/database/postgres.go:18.2,19.16 2 0
backend/pkg/database/postgres.go:19.16,21.3 1 0
backend/pkg/database/postgres.go:22.2,22.16 1 0
